SmartFritz/build/outputs/logs/manifest-merger-release-report.txt
-- Merging decision tree log ---
manifest
ADDED from LAMWProjects/SmartFritz/AndroidManifest.xml:2:1-47:12
INJECTED from LAMWProjects/SmartFritz/AndroidManifest.xml:2:1-47:12
INJECTED from LAMWProjects/SmartFritz/AndroidManifest.xml:2:1-47:12
MERGED from [com.android.support:support-v4:28.0.0] AndroidManifest.xml:17:1-22:12
MERGED from [com.android.support:design:28.0.0] AndroidManifest.xml:17:1-24:12
MERGED from [com.android.support:appcompat-v7:28.0.0] AndroidManifest.xml:17:1-22:12
MERGED from [com.android.support:cardview-v7:28.0.0] AndroidManifest.xml:17:1-22:12
MERGED from [com.android.support:recyclerview-v7:28.0.0] AndroidManifest.xml:17:1-22:12
MERGED from [com.android.support:support-media-compat:28.0.0] AndroidManifest.xml:17:1-22:12
MERGED from [com.android.support:support-fragment:28.0.0] AndroidManifest.xml:17:1-22:12
MERGED from [com.android.support:animated-vector-drawable:28.0.0] AndroidManifest.xml:17:1-22:12
MERGED from [com.android.support:support-core-ui:28.0.0] AndroidManifest.xml:17:1-22:12
MERGED from [com.android.support:support-core-utils:28.0.0] AndroidManifest.xml:17:1-22:12
MERGED from [com.android.support:support-vector-drawable:28.0.0] AndroidManifest.xml:17:1-22:12
MERGED from [com.android.support:transition:28.0.0] AndroidManifest.xml:17:1-22:12
MERGED from [com.android.support:loader:28.0.0] AndroidManifest.xml:17:1-22:12
MERGED from [com.android.support:viewpager:28.0.0] AndroidManifest.xml:17:1-22:12
MERGED from [com.android.support:coordinatorlayout:28.0.0] AndroidManifest.xml:17:1-22:12
MERGED from [com.android.support:drawerlayout:28.0.0] AndroidManifest.xml:17:1-22:12
MERGED from [com.android.support:slidingpanelayout:28.0.0] AndroidManifest.xml:17:1-22:12
MERGED from [com.android.support:customview:28.0.0] AndroidManifest.xml:17:1-22:12
MERGED from [com.android.support:swiperefreshlayout:28.0.0] AndroidManifest.xml:17:1-22:12
MERGED from [com.android.support:asynclayoutinflater:28.0.0] AndroidManifest.xml:17:1-22:12
MERGED from [com.android.support:support-compat:28.0.0] AndroidManifest.xml:17:1-24:12
MERGED from [com.android.support:versionedparcelable:28.0.0] AndroidManifest.xml:17:1-25:12
MERGED from [com.android.support:cursoradapter:28.0.0] AndroidManifest.xml:17:1-22:12
MERGED from [android.arch.lifecycle:runtime:1.1.1] AndroidManifest.xml:17:1-22:12
MERGED from [com.android.support:documentfile:28.0.0] AndroidManifest.xml:17:1-22:12
MERGED from [com.android.support:localbroadcastmanager:28.0.0] AndroidManifest.xml:17:1-22:12
MERGED from [com.android.support:print:28.0.0] AndroidManifest.xml:17:1-22:12
MERGED from [com.android.support:interpolator:28.0.0] AndroidManifest.xml:17:1-22:12
MERGED from [android.arch.lifecycle:viewmodel:1.1.1] AndroidManifest.xml:17:1-22:12
MERGED from [android.arch.lifecycle:livedata:1.1.1] AndroidManifest.xml:17:1-22:12
MERGED from [android.arch.lifecycle:livedata-core:1.1.1] AndroidManifest.xml:17:1-22:12
MERGED from [android.arch.core:runtime:1.1.1] AndroidManifest.xml:17:1-22:12
INJECTED from LAMWProjects/SmartFritz/AndroidManifest.xml:2:1-47:12
INJECTED from LAMWProjects/SmartFritz/AndroidManifest.xml:2:1-47:12
	package
		ADDED from LAMWProjects/SmartFritz/AndroidManifest.xml:2:70-101
	android:versionName
		ADDED from LAMWProjects/SmartFritz/AndroidManifest.xml:2:126-151
		INJECTED from LAMWProjects/SmartFritz/AndroidManifest.xml
		INJECTED from LAMWProjects/SmartFritz/AndroidManifest.xml
	xmlns:android
		ADDED from LAMWProjects/SmartFritz/AndroidManifest.xml:2:11-69
	android:versionCode
		ADDED from LAMWProjects/SmartFritz/AndroidManifest.xml:2:102-125
		INJECTED from LAMWProjects/SmartFritz/AndroidManifest.xml
		INJECTED from LAMWProjects/SmartFritz/AndroidManifest.xml
uses-sdk
ADDED from LAMWProjects/SmartFritz/AndroidManifest.xml:3:3-71
INJECTED from LAMWProjects/SmartFritz/AndroidManifest.xml:3:3-71
INJECTED from LAMWProjects/SmartFritz/AndroidManifest.xml:3:3-71
MERGED from [com.android.support:support-v4:28.0.0] AndroidManifest.xml:20:5-44
MERGED from [com.android.support:support-v4:28.0.0] AndroidManifest.xml:20:5-44
MERGED from [com.android.support:design:28.0.0] AndroidManifest.xml:20:5-44
MERGED from [com.android.support:design:28.0.0] AndroidManifest.xml:20:5-44
MERGED from [com.android.support:appcompat-v7:28.0.0] AndroidManifest.xml:20:5-44
MERGED from [com.android.support:appcompat-v7:28.0.0] AndroidManifest.xml:20:5-44
MERGED from [com.android.support:cardview-v7:28.0.0] AndroidManifest.xml:20:5-44
MERGED from [com.android.support:cardview-v7:28.0.0] AndroidManifest.xml:20:5-44
MERGED from [com.android.support:recyclerview-v7:28.0.0] AndroidManifest.xml:20:5-44
MERGED from [com.android.support:recyclerview-v7:28.0.0] AndroidManifest.xml:20:5-44
MERGED from [com.android.support:support-media-compat:28.0.0] AndroidManifest.xml:20:5-44
MERGED from [com.android.support:support-media-compat:28.0.0] AndroidManifest.xml:20:5-44
MERGED from [com.android.support:support-fragment:28.0.0] AndroidManifest.xml:20:5-44
MERGED from [com.android.support:support-fragment:28.0.0] AndroidManifest.xml:20:5-44
MERGED from [com.android.support:animated-vector-drawable:28.0.0] AndroidManifest.xml:20:5-44
MERGED from [com.android.support:animated-vector-drawable:28.0.0] AndroidManifest.xml:20:5-44
MERGED from [com.android.support:support-core-ui:28.0.0] AndroidManifest.xml:20:5-44
MERGED from [com.android.support:support-core-ui:28.0.0] AndroidManifest.xml:20:5-44
MERGED from [com.android.support:support-core-utils:28.0.0] AndroidManifest.xml:20:5-44
MERGED from [com.android.support:support-core-utils:28.0.0] AndroidManifest.xml:20:5-44
MERGED from [com.android.support:support-vector-drawable:28.0.0] AndroidManifest.xml:20:5-44
MERGED from [com.android.support:support-vector-drawable:28.0.0] AndroidManifest.xml:20:5-44
MERGED from [com.android.support:transition:28.0.0] AndroidManifest.xml:20:5-44
MERGED from [com.android.support:transition:28.0.0] AndroidManifest.xml:20:5-44
MERGED from [com.android.support:loader:28.0.0] AndroidManifest.xml:20:5-44
MERGED from [com.android.support:loader:28.0.0] AndroidManifest.xml:20:5-44
MERGED from [com.android.support:viewpager:28.0.0] AndroidManifest.xml:20:5-44
MERGED from [com.android.support:viewpager:28.0.0] AndroidManifest.xml:20:5-44
MERGED from [com.android.support:coordinatorlayout:28.0.0] AndroidManifest.xml:20:5-44
MERGED from [com.android.support:coordinatorlayout:28.0.0] AndroidManifest.xml:20:5-44
MERGED from [com.android.support:drawerlayout:28.0.0] AndroidManifest.xml:20:5-44
MERGED from [com.android.support:drawerlayout:28.0.0] AndroidManifest.xml:20:5-44
MERGED from [com.android.support:slidingpanelayout:28.0.0] AndroidManifest.xml:20:5-44
MERGED from [com.android.support:slidingpanelayout:28.0.0] AndroidManifest.xml:20:5-44
MERGED from [com.android.support:customview:28.0.0] AndroidManifest.xml:20:5-44
MERGED from [com.android.support:customview:28.0.0] AndroidManifest.xml:20:5-44
MERGED from [com.android.support:swiperefreshlayout:28.0.0] AndroidManifest.xml:20:5-44
MERGED from [com.android.support:swiperefreshlayout:28.0.0] AndroidManifest.xml:20:5-44
MERGED from [com.android.support:asynclayoutinflater:28.0.0] AndroidManifest.xml:20:5-44
MERGED from [com.android.support:asynclayoutinflater:28.0.0] AndroidManifest.xml:20:5-44
MERGED from [com.android.support:support-compat:28.0.0] AndroidManifest.xml:20:5-44
MERGED from [com.android.support:support-compat:28.0.0] AndroidManifest.xml:20:5-44
MERGED from [com.android.support:versionedparcelable:28.0.0] AndroidManifest.xml:20:5-44
MERGED from [com.android.support:versionedparcelable:28.0.0] AndroidManifest.xml:20:5-44
MERGED from [com.android.support:cursoradapter:28.0.0] AndroidManifest.xml:20:5-44
MERGED from [com.android.support:cursoradapter:28.0.0] AndroidManifest.xml:20:5-44
MERGED from [android.arch.lifecycle:runtime:1.1.1] AndroidManifest.xml:20:5-44
MERGED from [android.arch.lifecycle:runtime:1.1.1] AndroidManifest.xml:20:5-44
MERGED from [com.android.support:documentfile:28.0.0] AndroidManifest.xml:20:5-44
MERGED from [com.android.support:documentfile:28.0.0] AndroidManifest.xml:20:5-44
MERGED from [com.android.support:localbroadcastmanager:28.0.0] AndroidManifest.xml:20:5-44
MERGED from [com.android.support:localbroadcastmanager:28.0.0] AndroidManifest.xml:20:5-44
MERGED from [com.android.support:print:28.0.0] AndroidManifest.xml:20:5-44
MERGED from [com.android.support:print:28.0.0] AndroidManifest.xml:20:5-44
MERGED from [com.android.support:interpolator:28.0.0] AndroidManifest.xml:20:5-44
MERGED from [com.android.support:interpolator:28.0.0] AndroidManifest.xml:20:5-44
MERGED from [android.arch.lifecycle:viewmodel:1.1.1] AndroidManifest.xml:20:5-44
MERGED from [android.arch.lifecycle:viewmodel:1.1.1] AndroidManifest.xml:20:5-44
MERGED from [android.arch.lifecycle:livedata:1.1.1] AndroidManifest.xml:20:5-44
MERGED from [android.arch.lifecycle:livedata:1.1.1] AndroidManifest.xml:20:5-44
MERGED from [android.arch.lifecycle:livedata-core:1.1.1] AndroidManifest.xml:20:5-44
MERGED from [android.arch.lifecycle:livedata-core:1.1.1] AndroidManifest.xml:20:5-44
MERGED from [android.arch.core:runtime:1.1.1] AndroidManifest.xml:20:5-44
MERGED from [android.arch.core:runtime:1.1.1] AndroidManifest.xml:20:5-44
INJECTED from LAMWProjects/SmartFritz/AndroidManifest.xml:3:3-71
INJECTED from LAMWProjects/SmartFritz/AndroidManifest.xml:3:3-71
	android:targetSdkVersion
		ADDED from LAMWProjects/SmartFritz/AndroidManifest.xml:3:40-69
		INJECTED from LAMWProjects/SmartFritz/AndroidManifest.xml
		INJECTED from LAMWProjects/SmartFritz/AndroidManifest.xml
	android:minSdkVersion
		ADDED from LAMWProjects/SmartFritz/AndroidManifest.xml:3:13-39
		INJECTED from LAMWProjects/SmartFritz/AndroidManifest.xml
		INJECTED from LAMWProjects/SmartFritz/AndroidManifest.xml
uses-permission#android.permission.ACCESS_BLUETOOTH_SHARE
ADDED from LAMWProjects/SmartFritz/AndroidManifest.xml:4:3-78
	android:name
		ADDED from LAMWProjects/SmartFritz/AndroidManifest.xml:4:20-76
uses-permission#android.permission.ACCESS_COARSE_LOCATION
ADDED from LAMWProjects/SmartFritz/AndroidManifest.xml:5:3-78
	android:name
		ADDED from LAMWProjects/SmartFritz/AndroidManifest.xml:5:20-76
uses-permission#android.permission.ACCESS_FINE_LOCATION
ADDED from LAMWProjects/SmartFritz/AndroidManifest.xml:6:3-76
	android:name
		ADDED from LAMWProjects/SmartFritz/AndroidManifest.xml:6:20-74
uses-permission#android.permission.ACCESS_NETWORK_STATE
ADDED from LAMWProjects/SmartFritz/AndroidManifest.xml:7:3-76
	android:name
		ADDED from LAMWProjects/SmartFritz/AndroidManifest.xml:7:20-74
uses-permission#android.permission.ACCESS_WIFI_STATE
ADDED from LAMWProjects/SmartFritz/AndroidManifest.xml:8:3-73
	android:name
		ADDED from LAMWProjects/SmartFritz/AndroidManifest.xml:8:20-71
uses-permission#android.permission.BLUETOOTH
ADDED from LAMWProjects/SmartFritz/AndroidManifest.xml:9:3-65
	android:name
		ADDED from LAMWProjects/SmartFritz/AndroidManifest.xml:9:20-63
uses-permission#android.permission.BLUETOOTH_ADMIN
ADDED from LAMWProjects/SmartFritz/AndroidManifest.xml:10:3-71
	android:name
		ADDED from LAMWProjects/SmartFritz/AndroidManifest.xml:10:20-69
uses-permission#android.permission.CALL_PHONE
ADDED from LAMWProjects/SmartFritz/AndroidManifest.xml:11:3-66
	android:name
		ADDED from LAMWProjects/SmartFritz/AndroidManifest.xml:11:20-64
uses-permission#android.permission.CAMERA
ADDED from LAMWProjects/SmartFritz/AndroidManifest.xml:12:3-62
	android:name
		ADDED from LAMWProjects/SmartFritz/AndroidManifest.xml:12:20-60
uses-permission#android.permission.CHANGE_NETWORK_STATE
ADDED from LAMWProjects/SmartFritz/AndroidManifest.xml:13:3-76
	android:name
		ADDED from LAMWProjects/SmartFritz/AndroidManifest.xml:13:20-74
uses-permission#android.permission.CHANGE_WIFI_STATE
ADDED from LAMWProjects/SmartFritz/AndroidManifest.xml:14:3-73
	android:name
		ADDED from LAMWProjects/SmartFritz/AndroidManifest.xml:14:20-71
uses-permission#android.permission.INTERNET
ADDED from LAMWProjects/SmartFritz/AndroidManifest.xml:15:3-64
	android:name
		ADDED from LAMWProjects/SmartFritz/AndroidManifest.xml:15:20-62
uses-permission#android.permission.MODIFY_AUDIO_SETTINGS
ADDED from LAMWProjects/SmartFritz/AndroidManifest.xml:16:3-77
	android:name
		ADDED from LAMWProjects/SmartFritz/AndroidManifest.xml:16:20-75
uses-permission#android.permission.NFC
ADDED from LAMWProjects/SmartFritz/AndroidManifest.xml:17:3-59
	android:name
		ADDED from LAMWProjects/SmartFritz/AndroidManifest.xml:17:20-57
uses-permission#android.permission.PROCESS_OUTGOING_CALLS
ADDED from LAMWProjects/SmartFritz/AndroidManifest.xml:18:3-78
	android:name
		ADDED from LAMWProjects/SmartFritz/AndroidManifest.xml:18:20-76
uses-permission#android.permission.READ_CONTACTS
ADDED from LAMWProjects/SmartFritz/AndroidManifest.xml:19:3-69
	android:name
		ADDED from LAMWProjects/SmartFritz/AndroidManifest.xml:19:20-67
uses-permission#android.permission.READ_EXTERNAL_STORAGE
ADDED from LAMWProjects/SmartFritz/AndroidManifest.xml:20:3-77
	android:name
		ADDED from LAMWProjects/SmartFritz/AndroidManifest.xml:20:20-75
uses-permission#android.permission.READ_OWNER_DATA
ADDED from LAMWProjects/SmartFritz/AndroidManifest.xml:21:3-71
	android:name
		ADDED from LAMWProjects/SmartFritz/AndroidManifest.xml:21:20-69
uses-permission#android.permission.READ_PHONE_STATE
ADDED from LAMWProjects/SmartFritz/AndroidManifest.xml:22:3-72
	android:name
		ADDED from LAMWProjects/SmartFritz/AndroidManifest.xml:22:20-70
uses-permission#android.permission.READ_SMS
ADDED from LAMWProjects/SmartFritz/AndroidManifest.xml:23:3-64
	android:name
		ADDED from LAMWProjects/SmartFritz/AndroidManifest.xml:23:20-62
uses-permission#android.permission.RECEIVE_SMS
ADDED from LAMWProjects/SmartFritz/AndroidManifest.xml:24:3-67
	android:name
		ADDED from LAMWProjects/SmartFritz/AndroidManifest.xml:24:20-65
uses-permission#android.permission.SEND_SMS
ADDED from LAMWProjects/SmartFritz/AndroidManifest.xml:25:3-64
	android:name
		ADDED from LAMWProjects/SmartFritz/AndroidManifest.xml:25:20-62
uses-permission#android.permission.VIBRATE
ADDED from LAMWProjects/SmartFritz/AndroidManifest.xml:26:3-63
	android:name
		ADDED from LAMWProjects/SmartFritz/AndroidManifest.xml:26:20-61
uses-permission#android.permission.WAKE_LOCK
ADDED from LAMWProjects/SmartFritz/AndroidManifest.xml:27:3-65
	android:name
		ADDED from LAMWProjects/SmartFritz/AndroidManifest.xml:27:20-63
uses-permission#android.permission.WRITE_CONTACTS
ADDED from LAMWProjects/SmartFritz/AndroidManifest.xml:28:3-70
	android:name
		ADDED from LAMWProjects/SmartFritz/AndroidManifest.xml:28:20-68
uses-permission#android.permission.WRITE_EXTERNAL_STORAGE
ADDED from LAMWProjects/SmartFritz/AndroidManifest.xml:29:3-78
	android:name
		ADDED from LAMWProjects/SmartFritz/AndroidManifest.xml:29:20-76
uses-permission#android.permission.WRITE_OWNER_DATA
ADDED from LAMWProjects/SmartFritz/AndroidManifest.xml:30:3-72
	android:name
		ADDED from LAMWProjects/SmartFritz/AndroidManifest.xml:30:20-70
uses-feature#android.hardware.camera
ADDED from LAMWProjects/SmartFritz/AndroidManifest.xml:31:3-82
	android:required
		ADDED from LAMWProjects/SmartFritz/AndroidManifest.xml:31:56-80
	android:name
		ADDED from LAMWProjects/SmartFritz/AndroidManifest.xml:31:17-55
uses-feature#android.hardware.camera.flash
ADDED from LAMWProjects/SmartFritz/AndroidManifest.xml:32:3-88
	android:required
		ADDED from LAMWProjects/SmartFritz/AndroidManifest.xml:32:62-86
	android:name
		ADDED from LAMWProjects/SmartFritz/AndroidManifest.xml:32:17-61
uses-feature#android.hardware.camera.autofocus
ADDED from LAMWProjects/SmartFritz/AndroidManifest.xml:33:3-92
	android:required
		ADDED from LAMWProjects/SmartFritz/AndroidManifest.xml:33:66-90
	android:name
		ADDED from LAMWProjects/SmartFritz/AndroidManifest.xml:33:17-65
uses-feature#0x00020000
ADDED from LAMWProjects/SmartFritz/AndroidManifest.xml:34:3-75
	android:glEsVersion
		ADDED from LAMWProjects/SmartFritz/AndroidManifest.xml:34:17-49
	android:required
		ADDED from LAMWProjects/SmartFritz/AndroidManifest.xml:34:50-73
uses-feature#android.hardware.telephony
ADDED from LAMWProjects/SmartFritz/AndroidManifest.xml:35:3-85
	android:required
		ADDED from LAMWProjects/SmartFritz/AndroidManifest.xml:35:59-83
	android:name
		ADDED from LAMWProjects/SmartFritz/AndroidManifest.xml:35:17-58
uses-feature#android.hardware.sensor.stepcounter
ADDED from LAMWProjects/SmartFritz/AndroidManifest.xml:36:3-94
	android:required
		ADDED from LAMWProjects/SmartFritz/AndroidManifest.xml:36:68-92
	android:name
		ADDED from LAMWProjects/SmartFritz/AndroidManifest.xml:36:17-67
uses-feature#android.hardware.sensor.stepdetector
ADDED from LAMWProjects/SmartFritz/AndroidManifest.xml:37:3-95
	android:required
		ADDED from LAMWProjects/SmartFritz/AndroidManifest.xml:37:69-93
	android:name
		ADDED from LAMWProjects/SmartFritz/AndroidManifest.xml:37:17-68
supports-screens
ADDED from LAMWProjects/SmartFritz/AndroidManifest.xml:38:3-133
	android:largeScreens
		ADDED from LAMWProjects/SmartFritz/AndroidManifest.xml:38:78-105
	android:smallScreens
		ADDED from LAMWProjects/SmartFritz/AndroidManifest.xml:38:21-48
	android:normalScreens
		ADDED from LAMWProjects/SmartFritz/AndroidManifest.xml:38:49-77
	android:anyDensity
		ADDED from LAMWProjects/SmartFritz/AndroidManifest.xml:38:106-131
application
ADDED from LAMWProjects/SmartFritz/AndroidManifest.xml:39:3-46:17
MERGED from [com.android.support:design:28.0.0] AndroidManifest.xml:22:5-20
MERGED from [com.android.support:design:28.0.0] AndroidManifest.xml:22:5-20
MERGED from [com.android.support:support-compat:28.0.0] AndroidManifest.xml:22:5-94
MERGED from [com.android.support:support-compat:28.0.0] AndroidManifest.xml:22:5-94
MERGED from [com.android.support:versionedparcelable:28.0.0] AndroidManifest.xml:22:5-23:19
MERGED from [com.android.support:versionedparcelable:28.0.0] AndroidManifest.xml:22:5-23:19
	android:appComponentFactory
		ADDED from [com.android.support:support-compat:28.0.0] AndroidManifest.xml:22:18-91
	android:label
		ADDED from LAMWProjects/SmartFritz/AndroidManifest.xml:39:80-112
	android:icon
		ADDED from LAMWProjects/SmartFritz/AndroidManifest.xml:39:43-79
	android:allowBackup
		ADDED from LAMWProjects/SmartFritz/AndroidManifest.xml:39:16-42
	android:theme
		ADDED from LAMWProjects/SmartFritz/AndroidManifest.xml:39:113-144
	android:networkSecurityConfig
		ADDED from LAMWProjects/SmartFritz/AndroidManifest.xml:39:145-205
activity#org.muctec.smartfritz.App
ADDED from LAMWProjects/SmartFritz/AndroidManifest.xml:40:5-45:16
	android:enabled
		ADDED from LAMWProjects/SmartFritz/AndroidManifest.xml:40:204-226
	android:label
		ADDED from LAMWProjects/SmartFritz/AndroidManifest.xml:40:56-88
	android:launchMode
		ADDED from LAMWProjects/SmartFritz/AndroidManifest.xml:40:174-203
	android:configChanges
		ADDED from LAMWProjects/SmartFritz/AndroidManifest.xml:40:89-173
	android:name
		ADDED from LAMWProjects/SmartFritz/AndroidManifest.xml:40:15-55
intent-filter#action:name:android.intent.action.MAIN+category:name:android.intent.category.LAUNCHER
ADDED from LAMWProjects/SmartFritz/AndroidManifest.xml:41:7-44:23
action#android.intent.action.MAIN
ADDED from LAMWProjects/SmartFritz/AndroidManifest.xml:42:9-60
	android:name
		ADDED from LAMWProjects/SmartFritz/AndroidManifest.xml:42:17-58
category#android.intent.category.LAUNCHER
ADDED from LAMWProjects/SmartFritz/AndroidManifest.xml:43:9-68
	android:name
		ADDED from LAMWProjects/SmartFritz/AndroidManifest.xml:43:19-66